#
# A fatal error has been detected by the Java Runtime Environment:
#
#  EXCEPTION_ACCESS_VIOLATION (0xc0000005) at pc=0x00007ffb27decc01, pid=9904, tid=10664
#
# JRE version: OpenJDK Runtime Environment Temurin-17.0.13+11 (17.0.13+11) (build 17.0.13+11)
# Java VM: OpenJDK 64-Bit Server VM Temurin-17.0.13+11 (17.0.13+11, mixed mode, tiered, compressed oops, compressed class ptrs, parallel gc, windows-amd64)
# Problematic frame:
# V  [jvm.dll+0x59cc01]
#
# No core dump will be written. Minidumps are not enabled by default on client versions of Windows
#
# If you would like to submit a bug report, please visit:
#   https://github.com/adoptium/adoptium-support/issues
#

---------------  S U M M A R Y ------------

Command Line: --add-modules=ALL-SYSTEM --add-opens=java.base/java.util=ALL-UNNAMED --add-opens=java.base/java.lang=ALL-UNNAMED --add-opens=java.base/sun.nio.fs=ALL-UNNAMED -Declipse.application=org.eclipse.jdt.ls.core.id1 -Dosgi.bundles.defaultStartLevel=4 -Declipse.product=org.eclipse.jdt.ls.core.product -Djava.import.generatesMetadataFilesAtProjectRoot=false -DDetectVMInstallationsJob.disabled=true -Dfile.encoding=utf8 -XX:+UseParallelGC -XX:GCTimeRatio=4 -XX:AdaptiveSizePolicyWeight=90 -Dsun.zip.disableMemoryMapping=true -Xmx1G -Xms100m -Xlog:disable -javaagent:c:\Users\Tushar\.vscode\extensions\redhat.java-1.37.0-win32-x64\lombok\lombok-1.18.34.jar -XX:+HeapDumpOnOutOfMemoryError -XX:HeapDumpPath=c:\Users\Tushar\AppData\Roaming\Code\User\workspaceStorage\4bb341241cca981019bb59491a7f8ddc\redhat.java -Daether.dependencyCollector.impl=bf c:\Users\Tushar\.vscode\extensions\redhat.java-1.37.0-win32-x64\server\plugins\org.eclipse.equinox.launcher_1.6.900.v20240613-2009.jar -configuration c:\Users\Tushar\AppData\Roaming\Code\User\globalStorage\redhat.java\1.37.0\config_win -data c:\Users\Tushar\AppData\Roaming\Code\User\workspaceStorage\4bb341241cca981019bb59491a7f8ddc\redhat.java\jdt_ws --pipe=\\.\pipe\lsp-3c9addd3b5dd6723646b6350246df668-sock

Host: AMD A6-9225 RADEON R4, 5 COMPUTE CORES 2C+3G   , 2 cores, 7G,  Windows 10 , 64 bit Build 19041 (10.0.19041.4957)
Time: Sun Dec 15 23:15:39 2024 India Standard Time elapsed time: 7263.825873 seconds (0d 2h 1m 3s)

---------------  T H R E A D  ---------------

Current thread (0x000001d3b6bfe6e0):  JavaThread "C2 CompilerThread0" daemon [_thread_in_native, id=10664, stack(0x000000089b200000,0x000000089b300000)]


Current CompileTask:
C2:7263826 21075       4       org.eclipse.lsp4j.jsonrpc.json.adapters.EnumTypeAdapter::write (10 bytes)

Stack: [0x000000089b200000,0x000000089b300000],  sp=0x000000089b2fa570,  free space=1001k
Native frames: (J=compiled Java code, j=interpreted, Vv=VM code, C=native code)
V  [jvm.dll+0x59cc01]
V  [jvm.dll+0x589267]
V  [jvm.dll+0x220ea2]
V  [jvm.dll+0x22129f]
V  [jvm.dll+0x21a2b0]
V  [jvm.dll+0x21738b]
V  [jvm.dll+0x1a3070]
V  [jvm.dll+0x22788c]
V  [jvm.dll+0x2259eb]
V  [jvm.dll+0x7eec98]
V  [jvm.dll+0x7e8ffc]
V  [jvm.dll+0x6818f7]
C  [ucrtbase.dll+0x21bb2]
C  [KERNEL32.DLL+0x17374]
C  [ntdll.dll+0x4cc91]


siginfo: EXCEPTION_ACCESS_VIOLATION (0xc0000005), reading address 0x000003d3bf4c1470


Registers:
RAX=0x000003d3bf4c1470, RBX=0x000000089b2fa638, RCX=0x0000000000000000, RDX=0x000001d3bb7feaf8
RSP=0x000000089b2fa570, RBP=0x000000089b2fa950, RSI=0x000001d3bf4c13e0, RDI=0x0000000000000001
R8 =0x0000000000000003, R9 =0x000001d3c86ba9f0, R10=0x000001d3c86ba610, R11=0x000001d3bd0bcc78
R12=0x000000000000000e, R13=0x000000089b2fa618, R14=0x000001d3bf4c13e0, R15=0x0000000000000001
RIP=0x00007ffb27decc01, EFLAGS=0x0000000000010203


Register to memory mapping:

RIP=0x00007ffb27decc01 jvm.dll
RAX=0x000003d3bf4c1470 is an unknown value
RBX=0x000000089b2fa638 is pointing into the stack for thread: 0x000001d3b6bfe6e0
RCX=0x0 is NULL
RDX=0x000001d3bb7feaf8 points into unknown readable memory: 0x00007ffb28193f98 | 98 3f 19 28 fb 7f 00 00
RSP=0x000000089b2fa570 is pointing into the stack for thread: 0x000001d3b6bfe6e0
RBP=0x000000089b2fa950 is pointing into the stack for thread: 0x000001d3b6bfe6e0
RSI=0x000001d3bf4c13e0 points into unknown readable memory: 0x00007ffb2816c928 | 28 c9 16 28 fb 7f 00 00
RDI=0x0000000000000001 is an unknown value
R8 =0x0000000000000003 is an unknown value
R9 =0x000001d3c86ba9f0 points into unknown readable memory: 0x000001d3bf4c1050 | 50 10 4c bf d3 01 00 00
R10=0x000001d3c86ba610 points into unknown readable memory: 0x000001d3bfbd6c70 | 70 6c bd bf d3 01 00 00
R11=0x000001d3bd0bcc78 points into unknown readable memory: 0x0000000000000000 | 00 00 00 00 00 00 00 00
R12=0x000000000000000e is an unknown value
R13=0x000000089b2fa618 is pointing into the stack for thread: 0x000001d3b6bfe6e0
R14=0x000001d3bf4c13e0 points into unknown readable memory: 0x00007ffb2816c928 | 28 c9 16 28 fb 7f 00 00
R15=0x0000000000000001 is an unknown value


Top of Stack: (sp=0x000000089b2fa570)
0x000000089b2fa570:   000000089b2fa638 000000089b2fa950
0x000000089b2fa580:   000001d3bf4c1050 0000000000000003
0x000000089b2fa590:   000001d3a2e893d0 0000000000000000
0x000000089b2fa5a0:   000001d3a2de5a40 000000089b2fa950
0x000000089b2fa5b0:   000001d3bee60cc0 00007ffb27dd9267
0x000000089b2fa5c0:   000000089b2fa950 0000000000000000
0x000000089b2fa5d0:   000001d3bee60cc0 000000089b2fa6c0
0x000000089b2fa5e0:   000000089b2fa638 000000089b2fa5f0
0x000000089b2fa5f0:   000001d3b6bdc220 000001d300000400
0x000000089b2fa600:   000001d3bbf06ea0 0000000000000000
0x000000089b2fa610:   0000000000000000 0000000000000100
0x000000089b2fa620:   000001d3c86bd720 000001d300000100
0x000000089b2fa630:   000001d3b6bdc220 000001d3c86ba9f0
0x000000089b2fa640:   000001d3c86bd4c0 000001d3c86ba610
0x000000089b2fa650:   000001d3b6bdc220 000001d3b6bdc220
0x000000089b2fa660:   0000000000000004 000001d3c86ba5f0
0x000000089b2fa670:   0000000300000000 00007ffb2804bc93
0x000000089b2fa680:   0000000000000015 00007ffb2804beaa
0x000000089b2fa690:   000001d3bf4062f8 0000000000000000
0x000000089b2fa6a0:   000001d3bf406808 00007ffb2804ba8b
0x000000089b2fa6b0:   000000089b2fba10 000001d3b6bdd9d8
0x000000089b2fa6c0:   000000089b2fba10 00007ffb27ef6f64
0x000000089b2fa6d0:   000001d3bf2cb790 0000000015000015
0x000000089b2fa6e0:   000001d3bbe899e8 00007ffb2804ba8b
0x000000089b2fa6f0:   0000000000000018 0000000000000001
0x000000089b2fa700:   000000089b2fba10 00007ffb27eae79d
0x000000089b2fa710:   0000000000000000 000000089b2fba10
0x000000089b2fa720:   0000000000028310 000001d3bce46088
0x000000089b2fa730:   000000089b2fa800 000000000000000d
0x000000089b2fa740:   0000000000010000 00007ffb84d7fde6
0x000000089b2fa750:   0000000000000000 0000000000010010
0x000000089b2fa760:   000001d3a0c10000 000001d3a0c10000 

Instructions: (pc=0x00007ffb27decc01)
0x00007ffb27decb01:   8d 88 09 00 00 e8 65 b9 10 00 48 8b 4d 10 48 8b
0x00007ffb27decb11:   d8 8b 70 28 4c 8b b1 d0 02 00 00 3b 75 28 72 0b
0x00007ffb27decb21:   8b d6 48 8d 4d 20 e8 b4 38 0c 00 48 8b 45 30 49
0x00007ffb27decb31:   8d 56 01 48 89 14 f0 48 85 ff 74 10 4c 8b c3 ba
0x00007ffb27decb41:   01 00 00 00 48 8b cf e8 33 d8 ad ff 48 8b 6c 24
0x00007ffb27decb51:   38 48 8b c3 48 8b 5c 24 30 48 8b 74 24 40 48 8b
0x00007ffb27decb61:   7c 24 48 48 83 c4 20 41 5e c3 cc cc cc cc cc 48
0x00007ffb27decb71:   89 5c 24 18 48 89 6c 24 20 48 89 4c 24 08 56 57
0x00007ffb27decb81:   41 55 41 56 41 57 48 83 ec 20 48 8b 41 10 49 8b
0x00007ffb27decb91:   d8 4c 8b ea 48 8b e9 4c 8b b0 d0 02 00 00 41 8b
0x00007ffb27decba1:   76 28 8b fe c1 ef 05 3b 3a 72 0a 8b d7 49 8b cd
0x00007ffb27decbb1:   e8 0a 67 28 00 49 8b 45 08 83 e6 1f 49 8b d6 48
0x00007ffb27decbc1:   8b cd 4c 8d 04 b8 8b 04 b8 0f ab f0 41 89 00 e8
0x00007ffb27decbd1:   8b 09 00 00 48 8b f0 4c 89 64 24 58 44 8b 78 20
0x00007ffb27decbe1:   33 ff 4c 8b 53 10 4c 8b 0b 66 0f 1f 44 00 00 41
0x00007ffb27decbf1:   3b ff 0f 83 93 00 00 00 48 8b 46 10 8b cf ff c7
0x00007ffb27decc01:   4c 8b 34 c8 41 83 7e 20 00 74 d7 45 8b 66 28 41
0x00007ffb27decc11:   8b ec c1 ed 05 41 3b 6d 00 72 0a 8b d5 49 8b cd
0x00007ffb27decc21:   e8 9a 66 28 00 49 8b 45 08 41 83 e4 1f 4c 8d 04
0x00007ffb27decc31:   a8 41 0f b6 cc 48 8b 6c 24 50 41 b9 01 00 00 00
0x00007ffb27decc41:   41 d3 e1 41 8b 08 8b c1 41 0b c1 41 89 00 41 85
0x00007ffb27decc51:   c9 75 8f 49 8b d6 48 8b cd e8 01 09 00 00 48 83
0x00007ffb27decc61:   03 10 4c 8b f8 48 8b 0b 48 3b 4b 08 72 08 48 8b
0x00007ffb27decc71:   cb e8 f9 37 0c 00 48 8b 0b 48 89 31 49 8b f7 89
0x00007ffb27decc81:   79 08 45 8b 7f 20 e9 55 ff ff ff 45 85 ff 74 1c
0x00007ffb27decc91:   8b 46 30 c1 e8 04 a8 01 75 12 48 8b d6 48 8b cd
0x00007ffb27decca1:   e8 7a 00 00 00 4c 8b 0b 4c 8b 53 10 48 8b 4d 10
0x00007ffb27deccb1:   b8 cd cc cc cc 44 8b 81 40 02 00 00 44 2b 81 68
0x00007ffb27deccc1:   02 00 00 8b 49 68 03 c9 f7 e1 c1 ea 02 44 3b c2
0x00007ffb27deccd1:   76 0b 4c 8b 53 10 4d 8d 4a f0 4c 89 0b 4d 3b ca
0x00007ffb27decce1:   72 17 49 8b 31 41 8b 79 08 49 83 c1 f0 44 8b 7e
0x00007ffb27deccf1:   20 4c 89 0b e9 f6 fe ff ff 4c 8b 64 24 58 48 8b 


Stack slot to memory mapping:
stack at sp + 0 slots: 0x000000089b2fa638 is pointing into the stack for thread: 0x000001d3b6bfe6e0
stack at sp + 1 slots: 0x000000089b2fa950 is pointing into the stack for thread: 0x000001d3b6bfe6e0
stack at sp + 2 slots: 0x000001d3bf4c1050 points into unknown readable memory: 0x00007ffb2816c860 | 60 c8 16 28 fb 7f 00 00
stack at sp + 3 slots: 0x0000000000000003 is an unknown value
stack at sp + 4 slots: 0x000001d3a2e893d0 points into unknown readable memory: 0x8000000700000001 | 01 00 00 00 07 00 00 80
stack at sp + 5 slots: 0x0 is NULL
stack at sp + 6 slots: 0x000001d3a2de5a40 points into unknown readable memory: 0x00007ffb28184190 | 90 41 18 28 fb 7f 00 00
stack at sp + 7 slots: 0x000000089b2fa950 is pointing into the stack for thread: 0x000001d3b6bfe6e0


---------------  P R O C E S S  ---------------

Threads class SMR info:
_java_thread_list=0x000001d3bf4b8250, length=35, elements={
0x000001d3a2dcec80, 0x000001d3a2e8de40, 0x000001d3b6bcfa40, 0x000001d3b6bf8120,
0x000001d3b6bf8eb0, 0x000001d3b6bf9c40, 0x000001d3b6bfda30, 0x000001d3b6bfe6e0,
0x000001d3b6c63ff0, 0x000001d3b6c64cb0, 0x000001d3bb801040, 0x000001d3bb9def70,
0x000001d3bba1de60, 0x000001d3bc00a410, 0x000001d3bbdf5990, 0x000001d3bbac3590,
0x000001d3bc9f13d0, 0x000001d3bc0ef840, 0x000001d3bc0ed4d0, 0x000001d3bc0ee400,
0x000001d3bc0ecfc0, 0x000001d3bc0ef330, 0x000001d3bc64f020, 0x000001d3bc64ccb0,
0x000001d3bc648ff0, 0x000001d3bc649a10, 0x000001d3bc64bd80, 0x000001d3bc64c290,
0x000001d3bc64d1c0, 0x000001d3bc64eb10, 0x000001d3bc0ed9e0, 0x000001d3bc0f0770,
0x000001d3bc0ee910, 0x000001d3c8c66280, 0x000001d3c8c64e40
}

Java Threads: ( => current thread )
  0x000001d3a2dcec80 JavaThread "main" [_thread_blocked, id=7644, stack(0x000000089a900000,0x000000089aa00000)]
  0x000001d3a2e8de40 JavaThread "Reference Handler" daemon [_thread_blocked, id=9540, stack(0x000000089ac00000,0x000000089ad00000)]
  0x000001d3b6bcfa40 JavaThread "Finalizer" daemon [_thread_blocked, id=10692, stack(0x000000089ad00000,0x000000089ae00000)]
  0x000001d3b6bf8120 JavaThread "Signal Dispatcher" daemon [_thread_blocked, id=10684, stack(0x000000089ae00000,0x000000089af00000)]
  0x000001d3b6bf8eb0 JavaThread "Attach Listener" daemon [_thread_blocked, id=10688, stack(0x000000089af00000,0x000000089b000000)]
  0x000001d3b6bf9c40 JavaThread "Service Thread" daemon [_thread_blocked, id=10680, stack(0x000000089b000000,0x000000089b100000)]
  0x000001d3b6bfda30 JavaThread "Monitor Deflation Thread" daemon [_thread_blocked, id=10672, stack(0x000000089b100000,0x000000089b200000)]
=>0x000001d3b6bfe6e0 JavaThread "C2 CompilerThread0" daemon [_thread_in_native, id=10664, stack(0x000000089b200000,0x000000089b300000)]
  0x000001d3b6c63ff0 JavaThread "C1 CompilerThread0" daemon [_thread_blocked, id=10812, stack(0x000000089b300000,0x000000089b400000)]
  0x000001d3b6c64cb0 JavaThread "Sweeper thread" daemon [_thread_blocked, id=10800, stack(0x000000089b400000,0x000000089b500000)]
  0x000001d3bb801040 JavaThread "Common-Cleaner" daemon [_thread_blocked, id=8920, stack(0x000000089b500000,0x000000089b600000)]
  0x000001d3bb9def70 JavaThread "Notification Thread" daemon [_thread_blocked, id=11192, stack(0x000000089b600000,0x000000089b700000)]
  0x000001d3bba1de60 JavaThread "Active Thread: Equinox Container: 09963d79-9260-4194-a382-788ceee2e626" [_thread_blocked, id=11076, stack(0x000000089b900000,0x000000089ba00000)]
  0x000001d3bc00a410 JavaThread "Refresh Thread: Equinox Container: 09963d79-9260-4194-a382-788ceee2e626" daemon [_thread_blocked, id=5764, stack(0x000000089ba00000,0x000000089bb00000)]
  0x000001d3bbdf5990 JavaThread "Framework Event Dispatcher: Equinox Container: 09963d79-9260-4194-a382-788ceee2e626" daemon [_thread_blocked, id=1896, stack(0x000000089bb00000,0x000000089bc00000)]
  0x000001d3bbac3590 JavaThread "Start Level: Equinox Container: 09963d79-9260-4194-a382-788ceee2e626" daemon [_thread_blocked, id=10948, stack(0x000000089bc00000,0x000000089bd00000)]
  0x000001d3bc9f13d0 JavaThread "Bundle File Closer" daemon [_thread_blocked, id=1184, stack(0x000000089bd00000,0x000000089be00000)]
  0x000001d3bc0ef840 JavaThread "SCR Component Actor" daemon [_thread_blocked, id=1908, stack(0x000000089a800000,0x000000089a900000)]
  0x000001d3bc0ed4d0 JavaThread "Worker-JM" [_thread_blocked, id=7812, stack(0x000000089bf00000,0x000000089c000000)]
  0x000001d3bc0ee400 JavaThread "JNA Cleaner" daemon [_thread_blocked, id=10776, stack(0x000000089c100000,0x000000089c200000)]
  0x000001d3bc0ecfc0 JavaThread "Worker-0" [_thread_blocked, id=10440, stack(0x000000089c200000,0x000000089c300000)]
  0x000001d3bc0ef330 JavaThread "Java indexing" daemon [_thread_blocked, id=6956, stack(0x000000089c600000,0x000000089c700000)]
  0x000001d3bc64f020 JavaThread "Thread-2" daemon [_thread_in_native, id=9896, stack(0x000000089c900000,0x000000089ca00000)]
  0x000001d3bc64ccb0 JavaThread "Thread-3" daemon [_thread_in_native, id=10908, stack(0x000000089ca00000,0x000000089cb00000)]
  0x000001d3bc648ff0 JavaThread "Thread-4" daemon [_thread_in_native, id=2232, stack(0x000000089cb00000,0x000000089cc00000)]
  0x000001d3bc649a10 JavaThread "pool-2-thread-1" [_thread_blocked, id=9372, stack(0x000000089cc00000,0x000000089cd00000)]
  0x000001d3bc64bd80 JavaThread "WorkspaceEventsHandler" [_thread_blocked, id=11048, stack(0x000000089ce00000,0x000000089cf00000)]
  0x000001d3bc64c290 JavaThread "pool-1-thread-1" [_thread_blocked, id=6696, stack(0x000000089cf00000,0x000000089d000000)]
  0x000001d3bc64d1c0 JavaThread "Cleaner-0" daemon [_thread_blocked, id=744, stack(0x000000089d100000,0x000000089d200000)]
  0x000001d3bc64eb10 JavaThread "Worker-6" [_thread_blocked, id=6588, stack(0x000000089c800000,0x000000089c900000)]
  0x000001d3bc0ed9e0 JavaThread "Java Debug Server" [_thread_in_native, id=4204, stack(0x000000089c500000,0x000000089c600000)]
  0x000001d3bc0f0770 JavaThread "RxSchedulerPurge-1" daemon [_thread_blocked, id=10452, stack(0x000000089cd00000,0x000000089ce00000)]
  0x000001d3bc0ee910 JavaThread "RxCachedWorkerPoolEvictor-1" daemon [_thread_blocked, id=4084, stack(0x000000089d000000,0x000000089d100000)]
  0x000001d3c8c66280 JavaThread "Compiler Processing Task" daemon [_thread_blocked, id=5592, stack(0x000000089a700000,0x000000089a800000)]
  0x000001d3c8c64e40 JavaThread "Worker-10" [_thread_blocked, id=5128, stack(0x000000089be00000,0x000000089bf00000)]

Other Threads:
  0x000001d3b6bba890 VMThread "VM Thread" [stack: 0x000000089ab00000,0x000000089ac00000] [id=1676]
  0x000001d3bb9df450 WatcherThread [stack: 0x000000089b700000,0x000000089b800000] [id=10860]
  0x000001d3a2de5c40 GCTaskThread "GC Thread#0" [stack: 0x000000089aa00000,0x000000089ab00000] [id=10608]
  0x000001d3bbd342f0 GCTaskThread "GC Thread#1" [stack: 0x000000089b800000,0x000000089b900000] [id=8244]

Threads with active compile tasks:
C2 CompilerThread0  7263918 21075       4       org.eclipse.lsp4j.jsonrpc.json.adapters.EnumTypeAdapter::write (10 bytes)

VM state: not at safepoint (normal execution)

VM Mutex/Monitor currently owned by a thread: None

Heap address: 0x00000000c0000000, size: 1024 MB, Compressed Oops mode: 32-bit

CDS archive(s) not mapped
Compressed class space mapped at: 0x0000000100000000-0x0000000140000000, reserved size: 1073741824
Narrow klass base: 0x0000000000000000, Narrow klass shift: 3, Narrow klass range: 0x140000000

GC Precious Log:
 CPUs: 2 total, 2 available
 Memory: 7638M
 Large Page Support: Disabled
 NUMA Support: Disabled
 Compressed Oops: Enabled (32-bit)
 Alignments: Space 512K, Generation 512K, Heap 2M
 Heap Min Capacity: 100M
 Heap Initial Capacity: 100M
 Heap Max Capacity: 1G
 Pre-touch: Disabled
 Parallel Workers: 2

Heap:
 PSYoungGen      total 4096K, used 3685K [0x00000000eab00000, 0x00000000eb100000, 0x0000000100000000)
  eden space 2048K, 86% used [0x00000000eab00000,0x00000000eacbd700,0x00000000ead00000)
  from space 2048K, 92% used [0x00000000eaf00000,0x00000000eb0dc020,0x00000000eb100000)
  to   space 2048K, 0% used [0x00000000ead00000,0x00000000ead00000,0x00000000eaf00000)
 ParOldGen       total 150528K, used 137808K [0x00000000c0000000, 0x00000000c9300000, 0x00000000eab00000)
  object space 150528K, 91% used [0x00000000c0000000,0x00000000c8694038,0x00000000c9300000)
 Metaspace       used 94078K, committed 95360K, reserved 1179648K
  class space    used 9565K, committed 10112K, reserved 1048576K

Card table byte_map: [0x000001d3a2770000,0x000001d3a2980000] _byte_map_base: 0x000001d3a2170000

Marking Bits: (ParMarkBitMap*) 0x00007ffb283f6940
 Begin Bits: [0x000001d3b4a70000, 0x000001d3b5a70000)
 End Bits:   [0x000001d3b5a70000, 0x000001d3b6a70000)

Polling page: 0x000001d3a0be0000

Metaspace:

Usage:
  Non-class:     82.53 MB used.
      Class:      9.34 MB used.
       Both:     91.87 MB used.

Virtual space:
  Non-class space:      128.00 MB reserved,      83.25 MB ( 65%) committed,  2 nodes.
      Class space:        1.00 GB reserved,       9.88 MB ( <1%) committed,  1 nodes.
             Both:        1.12 GB reserved,      93.12 MB (  8%) committed. 

Chunk freelists:
   Non-Class:  12.58 MB
       Class:  6.02 MB
        Both:  18.60 MB

MaxMetaspaceSize: unlimited
CompressedClassSpaceSize: 1.00 GB
Initial GC threshold: 21.00 MB
Current GC threshold: 150.62 MB
CDS: off
MetaspaceReclaimPolicy: balanced
 - commit_granule_bytes: 65536.
 - commit_granule_words: 8192.
 - virtual_space_node_default_size: 8388608.
 - enlarge_chunks_in_place: 1.
 - new_chunks_are_fully_committed: 0.
 - uncommit_free_chunks: 1.
 - use_allocation_guard: 0.
 - handle_deallocations: 1.


Internal statistics:

num_allocs_failed_limit: 9.
num_arena_births: 1136.
num_arena_deaths: 282.
num_vsnodes_births: 3.
num_vsnodes_deaths: 0.
num_space_committed: 1490.
num_space_uncommitted: 0.
num_chunks_returned_to_freelist: 327.
num_chunks_taken_from_freelist: 5177.
num_chunk_merges: 126.
num_chunk_splits: 3123.
num_chunks_enlarged: 1804.
num_inconsistent_stats: 0.

CodeHeap 'non-profiled nmethods': size=120064Kb used=15323Kb max_used=15323Kb free=104740Kb
 bounds [0x000001d3ad530000, 0x000001d3ae430000, 0x000001d3b4a70000]
CodeHeap 'profiled nmethods': size=120000Kb used=35682Kb max_used=36885Kb free=84318Kb
 bounds [0x000001d3a5a70000, 0x000001d3a7ea0000, 0x000001d3acfa0000]
CodeHeap 'non-nmethods': size=5696Kb used=1455Kb max_used=1507Kb free=4240Kb
 bounds [0x000001d3acfa0000, 0x000001d3ad210000, 0x000001d3ad530000]
 total_blobs=16706 nmethods=15887 adapters=730
 compilation: enabled
              stopped_count=0, restarted_count=0
 full_count=0

Compilation events (20 events):
Event: 7259.719 Thread 0x000001d3b6bfe6e0 nmethod 21064 0x000001d3ae41e810 code [0x000001d3ae41ea00, 0x000001d3ae41f0f8]
Event: 7259.719 Thread 0x000001d3b6bfe6e0 21065       4       java.lang.AbstractStringBuilder::shift (37 bytes)
Event: 7259.721 Thread 0x000001d3b6bfe6e0 nmethod 21065 0x000001d3ae41f610 code [0x000001d3ae41f780, 0x000001d3ae41f898]
Event: 7259.725 Thread 0x000001d3b6c63ff0 21066       3       org.eclipse.core.internal.dtree.DeltaDataTree::getData (135 bytes)
Event: 7259.726 Thread 0x000001d3b6c63ff0 nmethod 21066 0x000001d3a6c96f10 code [0x000001d3a6c971c0, 0x000001d3a6c98068]
Event: 7259.728 Thread 0x000001d3b6c63ff0 21067       3       org.eclipse.core.internal.events.ResourceDelta::accept (162 bytes)
Event: 7259.729 Thread 0x000001d3b6c63ff0 nmethod 21067 0x000001d3a6b5ff90 code [0x000001d3a6b601c0, 0x000001d3a6b609e8]
Event: 7262.078 Thread 0x000001d3b6c63ff0 21068       3       java.util.HashMap::forEach (112 bytes)
Event: 7262.079 Thread 0x000001d3b6c63ff0 nmethod 21068 0x000001d3a70ac010 code [0x000001d3a70ac200, 0x000001d3a70ac7e8]
Event: 7262.081 Thread 0x000001d3b6bfe6e0 21069       4       org.eclipse.jdt.internal.core.util.Util::fixTaskTags (234 bytes)
Event: 7262.103 Thread 0x000001d3b6c63ff0 21070       3       org.eclipse.jdt.ls.core.internal.Messages::format (13 bytes)
Event: 7262.104 Thread 0x000001d3b6c63ff0 nmethod 21070 0x000001d3a72fa110 code [0x000001d3a72fa2e0, 0x000001d3a72fa6b8]
Event: 7262.114 Thread 0x000001d3b6c63ff0 21072       2       org.eclipse.lsp4j.jsonrpc.json.adapters.JsonElementTypeAdapter::write (48 bytes)
Event: 7262.115 Thread 0x000001d3b6c63ff0 nmethod 21072 0x000001d3a799af90 code [0x000001d3a799b160, 0x000001d3a799b3c8]
Event: 7262.128 Thread 0x000001d3b6bfe6e0 nmethod 21069 0x000001d3ae41f990 code [0x000001d3ae41fba0, 0x000001d3ae420cd0]
Event: 7262.128 Thread 0x000001d3b6bfe6e0 21071   !   4       org.eclipse.jdt.internal.core.JavaProject::getOptions (362 bytes)
Event: 7262.312 Thread 0x000001d3b6bfe6e0 nmethod 21071 0x000001d3ae421490 code [0x000001d3ae4217e0, 0x000001d3ae4245f0]
Event: 7263.771 Thread 0x000001d3b6bfe6e0 21073       4       org.eclipse.jdt.internal.core.ClasspathAttribute::equals (46 bytes)
Event: 7263.775 Thread 0x000001d3b6bfe6e0 nmethod 21073 0x000001d3ae426710 code [0x000001d3ae4268a0, 0x000001d3ae426bf8]
Event: 7263.775 Thread 0x000001d3b6bfe6e0 21075       4       org.eclipse.lsp4j.jsonrpc.json.adapters.EnumTypeAdapter::write (10 bytes)

GC Heap History (20 events):
Event: 7259.903 GC heap before
{Heap before GC invocations=2130 (full 52):
 PSYoungGen      total 5632K, used 5602K [0x00000000eab00000, 0x00000000eb780000, 0x0000000100000000)
  eden space 1536K, 100% used [0x00000000eab00000,0x00000000eac80000,0x00000000eac80000)
  from space 4096K, 99% used [0x00000000eb180000,0x00000000eb578af0,0x00000000eb580000)
  to   space 5120K, 0% used [0x00000000eac80000,0x00000000eac80000,0x00000000eb180000)
 ParOldGen       total 150528K, used 132203K [0x00000000c0000000, 0x00000000c9300000, 0x00000000eab00000)
  object space 150528K, 87% used [0x00000000c0000000,0x00000000c811ae38,0x00000000c9300000)
 Metaspace       used 94077K, committed 95360K, reserved 1179648K
  class space    used 9565K, committed 10112K, reserved 1048576K
}
Event: 7259.911 GC heap after
{Heap after GC invocations=2130 (full 52):
 PSYoungGen      total 6656K, used 5023K [0x00000000eab00000, 0x00000000eb780000, 0x0000000100000000)
  eden space 1536K, 0% used [0x00000000eab00000,0x00000000eab00000,0x00000000eac80000)
  from space 5120K, 98% used [0x00000000eac80000,0x00000000eb167cf0,0x00000000eb180000)
  to   space 5632K, 0% used [0x00000000eb200000,0x00000000eb200000,0x00000000eb780000)
 ParOldGen       total 150528K, used 132219K [0x00000000c0000000, 0x00000000c9300000, 0x00000000eab00000)
  object space 150528K, 87% used [0x00000000c0000000,0x00000000c811ee38,0x00000000c9300000)
 Metaspace       used 94077K, committed 95360K, reserved 1179648K
  class space    used 9565K, committed 10112K, reserved 1048576K
}
Event: 7259.934 GC heap before
{Heap before GC invocations=2131 (full 52):
 PSYoungGen      total 6656K, used 6299K [0x00000000eab00000, 0x00000000eb780000, 0x0000000100000000)
  eden space 1536K, 83% used [0x00000000eab00000,0x00000000eac3f050,0x00000000eac80000)
  from space 5120K, 98% used [0x00000000eac80000,0x00000000eb167cf0,0x00000000eb180000)
  to   space 5632K, 0% used [0x00000000eb200000,0x00000000eb200000,0x00000000eb780000)
 ParOldGen       total 150528K, used 132219K [0x00000000c0000000, 0x00000000c9300000, 0x00000000eab00000)
  object space 150528K, 87% used [0x00000000c0000000,0x00000000c811ee38,0x00000000c9300000)
 Metaspace       used 94077K, committed 95360K, reserved 1179648K
  class space    used 9565K, committed 10112K, reserved 1048576K
}
Event: 7259.949 GC heap after
{Heap after GC invocations=2131 (full 52):
 PSYoungGen      total 6144K, used 5608K [0x00000000eab00000, 0x00000000eba00000, 0x0000000100000000)
  eden space 512K, 0% used [0x00000000eab00000,0x00000000eab00000,0x00000000eab80000)
  from space 5632K, 99% used [0x00000000eb200000,0x00000000eb77a0c0,0x00000000eb780000)
  to   space 6656K, 0% used [0x00000000eab80000,0x00000000eab80000,0x00000000eb200000)
 ParOldGen       total 150528K, used 132664K [0x00000000c0000000, 0x00000000c9300000, 0x00000000eab00000)
  object space 150528K, 88% used [0x00000000c0000000,0x00000000c818e058,0x00000000c9300000)
 Metaspace       used 94077K, committed 95360K, reserved 1179648K
  class space    used 9565K, committed 10112K, reserved 1048576K
}
Event: 7260.016 GC heap before
{Heap before GC invocations=2132 (full 52):
 PSYoungGen      total 6144K, used 6099K [0x00000000eab00000, 0x00000000eba00000, 0x0000000100000000)
  eden space 512K, 95% used [0x00000000eab00000,0x00000000eab7ac70,0x00000000eab80000)
  from space 5632K, 99% used [0x00000000eb200000,0x00000000eb77a0c0,0x00000000eb780000)
  to   space 6656K, 0% used [0x00000000eab80000,0x00000000eab80000,0x00000000eb200000)
 ParOldGen       total 150528K, used 132664K [0x00000000c0000000, 0x00000000c9300000, 0x00000000eab00000)
  object space 150528K, 88% used [0x00000000c0000000,0x00000000c818e058,0x00000000c9300000)
 Metaspace       used 94077K, committed 95360K, reserved 1179648K
  class space    used 9565K, committed 10112K, reserved 1048576K
}
Event: 7260.023 GC heap after
{Heap after GC invocations=2132 (full 52):
 PSYoungGen      total 3072K, used 2528K [0x00000000eab00000, 0x00000000eb380000, 0x0000000100000000)
  eden space 512K, 0% used [0x00000000eab00000,0x00000000eab00000,0x00000000eab80000)
  from space 2560K, 98% used [0x00000000eab80000,0x00000000eadf8020,0x00000000eae00000)
  to   space 4096K, 0% used [0x00000000eaf80000,0x00000000eaf80000,0x00000000eb380000)
 ParOldGen       total 150528K, used 133189K [0x00000000c0000000, 0x00000000c9300000, 0x00000000eab00000)
  object space 150528K, 88% used [0x00000000c0000000,0x00000000c8211518,0x00000000c9300000)
 Metaspace       used 94077K, committed 95360K, reserved 1179648K
  class space    used 9565K, committed 10112K, reserved 1048576K
}
Event: 7260.031 GC heap before
{Heap before GC invocations=2133 (full 52):
 PSYoungGen      total 3072K, used 3040K [0x00000000eab00000, 0x00000000eb380000, 0x0000000100000000)
  eden space 512K, 100% used [0x00000000eab00000,0x00000000eab80000,0x00000000eab80000)
  from space 2560K, 98% used [0x00000000eab80000,0x00000000eadf8020,0x00000000eae00000)
  to   space 4096K, 0% used [0x00000000eaf80000,0x00000000eaf80000,0x00000000eb380000)
 ParOldGen       total 150528K, used 133189K [0x00000000c0000000, 0x00000000c9300000, 0x00000000eab00000)
  object space 150528K, 88% used [0x00000000c0000000,0x00000000c8211518,0x00000000c9300000)
 Metaspace       used 94077K, committed 95360K, reserved 1179648K
  class space    used 9565K, committed 10112K, reserved 1048576K
}
Event: 7260.037 GC heap after
{Heap after GC invocations=2133 (full 52):
 PSYoungGen      total 4096K, used 2938K [0x00000000eab00000, 0x00000000eb280000, 0x0000000100000000)
  eden space 1024K, 0% used [0x00000000eab00000,0x00000000eab00000,0x00000000eac00000)
  from space 3072K, 95% used [0x00000000eaf80000,0x00000000eb25eb20,0x00000000eb280000)
  to   space 3072K, 0% used [0x00000000eac80000,0x00000000eac80000,0x00000000eaf80000)
 ParOldGen       total 150528K, used 133301K [0x00000000c0000000, 0x00000000c9300000, 0x00000000eab00000)
  object space 150528K, 88% used [0x00000000c0000000,0x00000000c822d518,0x00000000c9300000)
 Metaspace       used 94077K, committed 95360K, reserved 1179648K
  class space    used 9565K, committed 10112K, reserved 1048576K
}
Event: 7261.648 GC heap before
{Heap before GC invocations=2134 (full 52):
 PSYoungGen      total 4096K, used 3962K [0x00000000eab00000, 0x00000000eb280000, 0x0000000100000000)
  eden space 1024K, 100% used [0x00000000eab00000,0x00000000eac00000,0x00000000eac00000)
  from space 3072K, 95% used [0x00000000eaf80000,0x00000000eb25eb20,0x00000000eb280000)
  to   space 3072K, 0% used [0x00000000eac80000,0x00000000eac80000,0x00000000eaf80000)
 ParOldGen       total 150528K, used 133301K [0x00000000c0000000, 0x00000000c9300000, 0x00000000eab00000)
  object space 150528K, 88% used [0x00000000c0000000,0x00000000c822d518,0x00000000c9300000)
 Metaspace       used 94077K, committed 95360K, reserved 1179648K
  class space    used 9565K, committed 10112K, reserved 1048576K
}
Event: 7261.656 GC heap after
{Heap after GC invocations=2134 (full 52):
 PSYoungGen      total 4096K, used 3066K [0x00000000eab00000, 0x00000000eb500000, 0x0000000100000000)
  eden space 1024K, 0% used [0x00000000eab00000,0x00000000eab00000,0x00000000eac00000)
  from space 3072K, 99% used [0x00000000eac80000,0x00000000eaf7eb00,0x00000000eaf80000)
  to   space 4608K, 0% used [0x00000000eb080000,0x00000000eb080000,0x00000000eb500000)
 ParOldGen       total 150528K, used 134157K [0x00000000c0000000, 0x00000000c9300000, 0x00000000eab00000)
  object space 150528K, 89% used [0x00000000c0000000,0x00000000c8303538,0x00000000c9300000)
 Metaspace       used 94077K, committed 95360K, reserved 1179648K
  class space    used 9565K, committed 10112K, reserved 1048576K
}
Event: 7261.709 GC heap before
{Heap before GC invocations=2135 (full 52):
 PSYoungGen      total 4096K, used 4090K [0x00000000eab00000, 0x00000000eb500000, 0x0000000100000000)
  eden space 1024K, 100% used [0x00000000eab00000,0x00000000eac00000,0x00000000eac00000)
  from space 3072K, 99% used [0x00000000eac80000,0x00000000eaf7eb00,0x00000000eaf80000)
  to   space 4608K, 0% used [0x00000000eb080000,0x00000000eb080000,0x00000000eb500000)
 ParOldGen       total 150528K, used 134157K [0x00000000c0000000, 0x00000000c9300000, 0x00000000eab00000)
  object space 150528K, 89% used [0x00000000c0000000,0x00000000c8303538,0x00000000c9300000)
 Metaspace       used 94077K, committed 95360K, reserved 1179648K
  class space    used 9565K, committed 10112K, reserved 1048576K
}
Event: 7261.718 GC heap after
{Heap after GC invocations=2135 (full 52):
 PSYoungGen      total 2560K, used 1530K [0x00000000eab00000, 0x00000000eb200000, 0x0000000100000000)
  eden space 1024K, 0% used [0x00000000eab00000,0x00000000eab00000,0x00000000eac00000)
  from space 1536K, 99% used [0x00000000eb080000,0x00000000eb1feb00,0x00000000eb200000)
  to   space 2560K, 0% used [0x00000000ead00000,0x00000000ead00000,0x00000000eaf80000)
 ParOldGen       total 150528K, used 136021K [0x00000000c0000000, 0x00000000c9300000, 0x00000000eab00000)
  object space 150528K, 90% used [0x00000000c0000000,0x00000000c84d5538,0x00000000c9300000)
 Metaspace       used 94077K, committed 95360K, reserved 1179648K
  class space    used 9565K, committed 10112K, reserved 1048576K
}
Event: 7261.757 GC heap before
{Heap before GC invocations=2136 (full 52):
 PSYoungGen      total 2560K, used 2554K [0x00000000eab00000, 0x00000000eb200000, 0x0000000100000000)
  eden space 1024K, 99% used [0x00000000eab00000,0x00000000eabffff0,0x00000000eac00000)
  from space 1536K, 99% used [0x00000000eb080000,0x00000000eb1feb00,0x00000000eb200000)
  to   space 2560K, 0% used [0x00000000ead00000,0x00000000ead00000,0x00000000eaf80000)
 ParOldGen       total 150528K, used 136021K [0x00000000c0000000, 0x00000000c9300000, 0x00000000eab00000)
  object space 150528K, 90% used [0x00000000c0000000,0x00000000c84d5538,0x00000000c9300000)
 Metaspace       used 94077K, committed 95360K, reserved 1179648K
  class space    used 9565K, committed 10112K, reserved 1048576K
}
Event: 7261.762 GC heap after
{Heap after GC invocations=2136 (full 52):
 PSYoungGen      total 3584K, used 1178K [0x00000000eab00000, 0x00000000eb100000, 0x0000000100000000)
  eden space 1024K, 0% used [0x00000000eab00000,0x00000000eab00000,0x00000000eac00000)
  from space 2560K, 46% used [0x00000000ead00000,0x00000000eae26b00,0x00000000eaf80000)
  to   space 1536K, 0% used [0x00000000eaf80000,0x00000000eaf80000,0x00000000eb100000)
 ParOldGen       total 150528K, used 136293K [0x00000000c0000000, 0x00000000c9300000, 0x00000000eab00000)
  object space 150528K, 90% used [0x00000000c0000000,0x00000000c8519538,0x00000000c9300000)
 Metaspace       used 94077K, committed 95360K, reserved 1179648K
  class space    used 9565K, committed 10112K, reserved 1048576K
}
Event: 7261.765 GC heap before
{Heap before GC invocations=2137 (full 52):
 PSYoungGen      total 3584K, used 2202K [0x00000000eab00000, 0x00000000eb100000, 0x0000000100000000)
  eden space 1024K, 100% used [0x00000000eab00000,0x00000000eac00000,0x00000000eac00000)
  from space 2560K, 46% used [0x00000000ead00000,0x00000000eae26b00,0x00000000eaf80000)
  to   space 1536K, 0% used [0x00000000eaf80000,0x00000000eaf80000,0x00000000eb100000)
 ParOldGen       total 150528K, used 136293K [0x00000000c0000000, 0x00000000c9300000, 0x00000000eab00000)
  object space 150528K, 90% used [0x00000000c0000000,0x00000000c8519538,0x00000000c9300000)
 Metaspace       used 94077K, committed 95360K, reserved 1179648K
  class space    used 9565K, committed 10112K, reserved 1048576K
}
Event: 7261.771 GC heap after
{Heap after GC invocations=2137 (full 52):
 PSYoungGen      total 3072K, used 1488K [0x00000000eab00000, 0x00000000eb100000, 0x0000000100000000)
  eden space 1536K, 0% used [0x00000000eab00000,0x00000000eab00000,0x00000000eac80000)
  from space 1536K, 96% used [0x00000000eaf80000,0x00000000eb0f4010,0x00000000eb100000)
  to   space 2048K, 0% used [0x00000000ead00000,0x00000000ead00000,0x00000000eaf00000)
 ParOldGen       total 150528K, used 136704K [0x00000000c0000000, 0x00000000c9300000, 0x00000000eab00000)
  object space 150528K, 90% used [0x00000000c0000000,0x00000000c8580038,0x00000000c9300000)
 Metaspace       used 94077K, committed 95360K, reserved 1179648K
  class space    used 9565K, committed 10112K, reserved 1048576K
}
Event: 7261.792 GC heap before
{Heap before GC invocations=2138 (full 52):
 PSYoungGen      total 3072K, used 3000K [0x00000000eab00000, 0x00000000eb100000, 0x0000000100000000)
  eden space 1536K, 98% used [0x00000000eab00000,0x00000000eac7a330,0x00000000eac80000)
  from space 1536K, 96% used [0x00000000eaf80000,0x00000000eb0f4010,0x00000000eb100000)
  to   space 2048K, 0% used [0x00000000ead00000,0x00000000ead00000,0x00000000eaf00000)
 ParOldGen       total 150528K, used 136704K [0x00000000c0000000, 0x00000000c9300000, 0x00000000eab00000)
  object space 150528K, 90% used [0x00000000c0000000,0x00000000c8580038,0x00000000c9300000)
 Metaspace       used 94077K, committed 95360K, reserved 1179648K
  class space    used 9565K, committed 10112K, reserved 1048576K
}
Event: 7261.797 GC heap after
{Heap after GC invocations=2138 (full 52):
 PSYoungGen      total 4096K, used 1684K [0x00000000eab00000, 0x00000000eb100000, 0x0000000100000000)
  eden space 2048K, 0% used [0x00000000eab00000,0x00000000eab00000,0x00000000ead00000)
  from space 2048K, 82% used [0x00000000ead00000,0x00000000eaea5000,0x00000000eaf00000)
  to   space 2048K, 0% used [0x00000000eaf00000,0x00000000eaf00000,0x00000000eb100000)
 ParOldGen       total 150528K, used 137264K [0x00000000c0000000, 0x00000000c9300000, 0x00000000eab00000)
  object space 150528K, 91% used [0x00000000c0000000,0x00000000c860c038,0x00000000c9300000)
 Metaspace       used 94077K, committed 95360K, reserved 1179648K
  class space    used 9565K, committed 10112K, reserved 1048576K
}
Event: 7262.091 GC heap before
{Heap before GC invocations=2139 (full 52):
 PSYoungGen      total 4096K, used 3732K [0x00000000eab00000, 0x00000000eb100000, 0x0000000100000000)
  eden space 2048K, 100% used [0x00000000eab00000,0x00000000ead00000,0x00000000ead00000)
  from space 2048K, 82% used [0x00000000ead00000,0x00000000eaea5000,0x00000000eaf00000)
  to   space 2048K, 0% used [0x00000000eaf00000,0x00000000eaf00000,0x00000000eb100000)
 ParOldGen       total 150528K, used 137264K [0x00000000c0000000, 0x00000000c9300000, 0x00000000eab00000)
  object space 150528K, 91% used [0x00000000c0000000,0x00000000c860c038,0x00000000c9300000)
 Metaspace       used 94078K, committed 95360K, reserved 1179648K
  class space    used 9565K, committed 10112K, reserved 1048576K
}
Event: 7262.099 GC heap after
{Heap after GC invocations=2139 (full 52):
 PSYoungGen      total 4096K, used 1904K [0x00000000eab00000, 0x00000000eb100000, 0x0000000100000000)
  eden space 2048K, 0% used [0x00000000eab00000,0x00000000eab00000,0x00000000ead00000)
  from space 2048K, 92% used [0x00000000eaf00000,0x00000000eb0dc020,0x00000000eb100000)
  to   space 2048K, 0% used [0x00000000ead00000,0x00000000ead00000,0x00000000eaf00000)
 ParOldGen       total 150528K, used 137808K [0x00000000c0000000, 0x00000000c9300000, 0x00000000eab00000)
  object space 150528K, 91% used [0x00000000c0000000,0x00000000c8694038,0x00000000c9300000)
 Metaspace       used 94078K, committed 95360K, reserved 1179648K
  class space    used 9565K, committed 10112K, reserved 1048576K
}

Dll operation events (12 events):
Event: 0.019 Loaded shared library c:\Users\Tushar\.vscode\extensions\redhat.java-1.37.0-win32-x64\jre\17.0.13-win32-x86_64\bin\java.dll
Event: 2.556 Loaded shared library c:\Users\Tushar\.vscode\extensions\redhat.java-1.37.0-win32-x64\jre\17.0.13-win32-x86_64\bin\zip.dll
Event: 2.581 Loaded shared library C:\Users\Tushar\.vscode\extensions\redhat.java-1.37.0-win32-x64\jre\17.0.13-win32-x86_64\bin\instrument.dll
Event: 3.686 Loaded shared library C:\Users\Tushar\.vscode\extensions\redhat.java-1.37.0-win32-x64\jre\17.0.13-win32-x86_64\bin\net.dll
Event: 3.697 Loaded shared library C:\Users\Tushar\.vscode\extensions\redhat.java-1.37.0-win32-x64\jre\17.0.13-win32-x86_64\bin\nio.dll
Event: 4.207 Loaded shared library C:\Users\Tushar\.vscode\extensions\redhat.java-1.37.0-win32-x64\jre\17.0.13-win32-x86_64\bin\zip.dll
Event: 4.618 Loaded shared library C:\Users\Tushar\.vscode\extensions\redhat.java-1.37.0-win32-x64\jre\17.0.13-win32-x86_64\bin\jimage.dll
Event: 6.435 Loaded shared library c:\Users\Tushar\.vscode\extensions\redhat.java-1.37.0-win32-x64\jre\17.0.13-win32-x86_64\bin\verify.dll
Event: 43.132 Loaded shared library C:\Users\Tushar\AppData\Roaming\Code\User\globalStorage\redhat.java\1.37.0\config_win\org.eclipse.equinox.launcher\org.eclipse.equinox.launcher.win32.win32.x86_64_1.2.1100.v20240722-2106\eclipse_11904.dll
Event: 83.643 Loaded shared library C:\Users\Tushar\AppData\Local\Temp\jna--1778537625\jna10106481096650123979.dll
Event: 97.473 Loaded shared library C:\Users\Tushar\.vscode\extensions\redhat.java-1.37.0-win32-x64\jre\17.0.13-win32-x86_64\bin\sunmscapi.dll
Event: 99.638 Loaded shared library C:\Users\Tushar\.vscode\extensions\redhat.java-1.37.0-win32-x64\jre\17.0.13-win32-x86_64\bin\extnet.dll

Deoptimization events (20 events):
Event: 2080.295 Thread 0x000001d3bc0ecfc0 Uncommon trap: trap_request=0xffffffde fr.pc=0x000001d3ad8c6144 relative=0x0000000000000544
Event: 2080.295 Thread 0x000001d3bc0ecfc0 Uncommon trap: reason=class_check action=maybe_recompile pc=0x000001d3ad8c6144 method=java.io.InputStream.read([BII)I @ 15 c2
Event: 2080.295 Thread 0x000001d3bc0ecfc0 DEOPT PACKING pc=0x000001d3ad8c6144 sp=0x000000089c2feee0
Event: 2080.295 Thread 0x000001d3bc0ecfc0 DEOPT UNPACKING pc=0x000001d3acff66a3 sp=0x000000089c2fee78 mode 2
Event: 2080.295 Thread 0x000001d3bc0ecfc0 Uncommon trap: trap_request=0xffffffbe fr.pc=0x000001d3ada9efc8 relative=0x00000000000003c8
Event: 2080.295 Thread 0x000001d3bc0ecfc0 Uncommon trap: reason=profile_predicate action=maybe_recompile pc=0x000001d3ada9efc8 method=java.io.InputStream.read([BII)I @ 37 c2
Event: 2080.295 Thread 0x000001d3bc0ecfc0 DEOPT PACKING pc=0x000001d3ada9efc8 sp=0x000000089c2feec0
Event: 2080.295 Thread 0x000001d3bc0ecfc0 DEOPT UNPACKING pc=0x000001d3acff66a3 sp=0x000000089c2fee80 mode 2
Event: 2080.295 Thread 0x000001d3bc0ecfc0 Uncommon trap: trap_request=0xffffffde fr.pc=0x000001d3ad8c6144 relative=0x0000000000000544
Event: 2080.295 Thread 0x000001d3bc0ecfc0 Uncommon trap: reason=class_check action=maybe_recompile pc=0x000001d3ad8c6144 method=java.io.InputStream.read([BII)I @ 15 c2
Event: 2080.296 Thread 0x000001d3bc0ecfc0 DEOPT PACKING pc=0x000001d3ad8c6144 sp=0x000000089c2feee0
Event: 2080.296 Thread 0x000001d3bc0ecfc0 DEOPT UNPACKING pc=0x000001d3acff66a3 sp=0x000000089c2fee78 mode 2
Event: 2080.296 Thread 0x000001d3bc0ecfc0 Uncommon trap: trap_request=0xffffff45 fr.pc=0x000001d3ae047de8 relative=0x0000000000000948
Event: 2080.296 Thread 0x000001d3bc0ecfc0 Uncommon trap: reason=unstable_if action=reinterpret pc=0x000001d3ae047de8 method=java.util.ImmutableCollections$AbstractImmutableList.equals(Ljava/lang/Object;)Z @ 2 c2
Event: 2080.296 Thread 0x000001d3bc0ecfc0 DEOPT PACKING pc=0x000001d3ae047de8 sp=0x000000089c2febd0
Event: 2080.296 Thread 0x000001d3bc0ecfc0 DEOPT UNPACKING pc=0x000001d3acff66a3 sp=0x000000089c2feb70 mode 2
Event: 7258.455 Thread 0x000001d3bc0ecfc0 Uncommon trap: trap_request=0xffffff45 fr.pc=0x000001d3adefbca8 relative=0x0000000000002388
Event: 7258.455 Thread 0x000001d3bc0ecfc0 Uncommon trap: reason=unstable_if action=reinterpret pc=0x000001d3adefbca8 method=lombok.core.configuration.FileSystemSourceCache.cacheClear()V @ 16 c2
Event: 7258.455 Thread 0x000001d3bc0ecfc0 DEOPT PACKING pc=0x000001d3adefbca8 sp=0x000000089c2fe5c0
Event: 7258.455 Thread 0x000001d3bc0ecfc0 DEOPT UNPACKING pc=0x000001d3acff66a3 sp=0x000000089c2fe510 mode 2

Classes loaded (20 events):
Event: 1879.120 Loading class java/util/stream/SliceOps$1$1
Event: 1879.121 Loading class java/util/stream/SliceOps$1$1 done
Event: 1879.162 Loading class java/util/concurrent/CompletableFuture$UniWhenComplete
Event: 1879.163 Loading class java/util/concurrent/CompletableFuture$UniWhenComplete done
Event: 1879.165 Loading class java/util/concurrent/CompletableFuture$UniCompose
Event: 1879.165 Loading class java/util/concurrent/CompletableFuture$UniCompose done
Event: 1879.165 Loading class java/util/concurrent/CompletableFuture$UniRelay
Event: 1879.165 Loading class java/util/concurrent/CompletableFuture$UniRelay done
Event: 1879.550 Loading class java/util/concurrent/ScheduledThreadPoolExecutor$DelayedWorkQueue$Itr
Event: 1879.551 Loading class java/util/concurrent/ScheduledThreadPoolExecutor$DelayedWorkQueue$Itr done
Event: 1885.728 Loading class jdk/internal/reflect/UnsafeLongFieldAccessorImpl
Event: 1885.728 Loading class jdk/internal/reflect/UnsafeLongFieldAccessorImpl done
Event: 1886.892 Loading class java/util/stream/Streams$RangeIntSpliterator
Event: 1886.892 Loading class java/util/stream/Streams$RangeIntSpliterator done
Event: 1886.898 Loading class java/lang/ProcessHandleImpl$ExitCompletion
Event: 1886.898 Loading class java/lang/ProcessHandleImpl$ExitCompletion done
Event: 1886.901 Loading class java/lang/ProcessHandleImpl$1
Event: 1886.902 Loading class java/lang/ProcessHandleImpl$1 done
Event: 1886.903 Loading class java/util/concurrent/CompletableFuture$UniHandle
Event: 1886.903 Loading class java/util/concurrent/CompletableFuture$UniHandle done

Classes unloaded (20 events):
Event: 1244.369 Thread 0x000001d3b6bba890 Unloading class 0x00000001008ad000 'jdk/internal/reflect/GeneratedConstructorAccessor33'
Event: 1244.369 Thread 0x000001d3b6bba890 Unloading class 0x00000001008acc00 'jdk/internal/reflect/GeneratedConstructorAccessor32'
Event: 1244.369 Thread 0x000001d3b6bba890 Unloading class 0x00000001008ac800 'jdk/internal/reflect/GeneratedConstructorAccessor31'
Event: 1244.369 Thread 0x000001d3b6bba890 Unloading class 0x00000001008ac400 'jdk/internal/reflect/GeneratedConstructorAccessor30'
Event: 1244.369 Thread 0x000001d3b6bba890 Unloading class 0x00000001008ac000 'jdk/internal/reflect/GeneratedConstructorAccessor29'
Event: 1244.369 Thread 0x000001d3b6bba890 Unloading class 0x0000000100226400 'java/lang/invoke/LambdaForm$MH+0x0000000100226400'
Event: 1244.369 Thread 0x000001d3b6bba890 Unloading class 0x0000000100226000 'java/lang/invoke/LambdaForm$MH+0x0000000100226000'
Event: 1290.895 Thread 0x000001d3b6bba890 Unloading class 0x00000001001a1c00 'java/lang/invoke/LambdaForm$MH+0x00000001001a1c00'
Event: 1290.895 Thread 0x000001d3b6bba890 Unloading class 0x00000001001a1400 'java/lang/invoke/LambdaForm$MH+0x00000001001a1400'
Event: 1290.895 Thread 0x000001d3b6bba890 Unloading class 0x00000001001a1000 'java/lang/invoke/LambdaForm$MH+0x00000001001a1000'
Event: 1290.895 Thread 0x000001d3b6bba890 Unloading class 0x00000001001a0c00 'java/lang/invoke/LambdaForm$MH+0x00000001001a0c00'
Event: 1290.895 Thread 0x000001d3b6bba890 Unloading class 0x00000001001a0800 'java/lang/invoke/LambdaForm$MH+0x00000001001a0800'
Event: 1363.960 Thread 0x000001d3b6bba890 Unloading class 0x0000000100968800 'java/lang/invoke/LambdaForm$MH+0x0000000100968800'
Event: 1363.960 Thread 0x000001d3b6bba890 Unloading class 0x0000000100968400 'java/lang/invoke/LambdaForm$MH+0x0000000100968400'
Event: 1363.960 Thread 0x000001d3b6bba890 Unloading class 0x0000000100968000 'java/lang/invoke/LambdaForm$MH+0x0000000100968000'
Event: 1363.960 Thread 0x000001d3b6bba890 Unloading class 0x0000000100966c00 'java/lang/invoke/LambdaForm$MH+0x0000000100966c00'
Event: 1363.960 Thread 0x000001d3b6bba890 Unloading class 0x0000000100966800 'java/lang/invoke/LambdaForm$MH+0x0000000100966800'
Event: 1363.960 Thread 0x000001d3b6bba890 Unloading class 0x0000000100966400 'java/lang/invoke/LambdaForm$MH+0x0000000100966400'
Event: 1363.960 Thread 0x000001d3b6bba890 Unloading class 0x0000000100230000 'java/lang/invoke/LambdaForm$MH+0x0000000100230000'
Event: 1363.960 Thread 0x000001d3b6bba890 Unloading class 0x0000000100225c00 'java/lang/invoke/LambdaForm$MH+0x0000000100225c00'

Classes redefined (0 events):
No events

Internal exceptions (20 events):
Event: 1816.877 Thread 0x000001d3bc0ed9e0 Implicit null exception at 0x000001d3ae339623 to 0x000001d3ae339bdc
Event: 1817.652 Thread 0x000001d3bc0ef330 Exception <a 'sun/nio/fs/WindowsException'{0x00000000eac89de8}> (0x00000000eac89de8) 
thrown [s\src\hotspot\share\prims\jni.cpp, line 516]
Event: 1819.380 Thread 0x000001d3bc0ef330 Exception <a 'sun/nio/fs/WindowsException'{0x00000000eac9e928}> (0x00000000eac9e928) 
thrown [s\src\hotspot\share\prims\jni.cpp, line 516]
Event: 1828.579 Thread 0x000001d3bc0ef330 Exception <a 'sun/nio/fs/WindowsException'{0x00000000eab54138}> (0x00000000eab54138) 
thrown [s\src\hotspot\share\prims\jni.cpp, line 516]
Event: 1831.354 Thread 0x000001d3bc0ef330 Exception <a 'sun/nio/fs/WindowsException'{0x00000000eab588a0}> (0x00000000eab588a0) 
thrown [s\src\hotspot\share\prims\jni.cpp, line 516]
Event: 1833.369 Thread 0x000001d3bc0ef330 Exception <a 'sun/nio/fs/WindowsException'{0x00000000eabeb088}> (0x00000000eabeb088) 
thrown [s\src\hotspot\share\prims\jni.cpp, line 516]
Event: 1833.741 Thread 0x000001d3bc0ef330 Exception <a 'sun/nio/fs/WindowsException'{0x00000000eac36f10}> (0x00000000eac36f10) 
thrown [s\src\hotspot\share\prims\jni.cpp, line 516]
Event: 1846.707 Thread 0x000001d3c8c60c70 Exception <a 'java/lang/NoSuchMethodError'{0x00000000eab72b00}: 'void java.lang.invoke.DirectMethodHandle$Holder.invokeSpecial(java.lang.Object, java.lang.Object, java.lang.Object, java.lang.Object, java.lang.Object)'> (0x00000000eab72b00) 
thrown [s\src\hotspot\share\interpreter\linkResolver.cpp, line 759]
Event: 1877.852 Thread 0x000001d3bc0f0770 Exception <a 'sun/nio/fs/WindowsException'{0x00000000eac2a0a0}> (0x00000000eac2a0a0) 
thrown [s\src\hotspot\share\prims\jni.cpp, line 516]
Event: 1877.852 Thread 0x000001d3bc0f0770 Exception <a 'sun/nio/fs/WindowsException'{0x00000000eac2a938}> (0x00000000eac2a938) 
thrown [s\src\hotspot\share\prims\jni.cpp, line 516]
Event: 1877.853 Thread 0x000001d3bc0f0770 Exception <a 'sun/nio/fs/WindowsException'{0x00000000eac2b5c0}> (0x00000000eac2b5c0) 
thrown [s\src\hotspot\share\prims\jni.cpp, line 516]
Event: 1877.853 Thread 0x000001d3bc0f0770 Exception <a 'sun/nio/fs/WindowsException'{0x00000000eac2bbf8}> (0x00000000eac2bbf8) 
thrown [s\src\hotspot\share\prims\jni.cpp, line 516]
Event: 1877.854 Thread 0x000001d3bc0f0770 Exception <a 'sun/nio/fs/WindowsException'{0x00000000eac2d028}> (0x00000000eac2d028) 
thrown [s\src\hotspot\share\prims\jni.cpp, line 516]
Event: 1877.854 Thread 0x000001d3bc0f0770 Exception <a 'sun/nio/fs/WindowsException'{0x00000000eac2d660}> (0x00000000eac2d660) 
thrown [s\src\hotspot\share\prims\jni.cpp, line 516]
Event: 1878.069 Thread 0x000001d3bc0eee20 Exception <a 'java/io/FileNotFoundException'{0x00000000eac7e528}> (0x00000000eac7e528) 
thrown [s\src\hotspot\share\prims\jni.cpp, line 516]
Event: 1878.974 Thread 0x000001d3bc0eee20 Exception <a 'java/lang/NoSuchMethodError'{0x00000000eac68c00}: 'java.lang.Object java.lang.invoke.DirectMethodHandle$Holder.invokeVirtual(java.lang.Object, java.lang.Object, java.lang.Object, java.lang.Object)'> (0x00000000eac68c00) 
thrown [s\src\hotspot\share\interpreter\linkResolver.cpp, line 759]
Event: 1879.077 Thread 0x000001d3bc0edef0 Exception <a 'java/lang/NoSuchMethodError'{0x00000000ead6e618}: 'java.lang.Object java.lang.invoke.DirectMethodHandle$Holder.invokeStatic(java.lang.Object, long, java.lang.Object, java.lang.Object)'> (0x00000000ead6e618) 
thrown [s\src\hotspot\share\interpreter\linkResolver.cpp, line 759]
Event: 1879.077 Thread 0x000001d3bc0edef0 Exception <a 'java/lang/NoSuchMethodError'{0x00000000ead75400}: 'java.lang.Object java.lang.invoke.DirectMethodHandle$Holder.newInvokeSpecial(java.lang.Object, long)'> (0x00000000ead75400) 
thrown [s\src\hotspot\share\interpreter\linkResolver.cpp, line 759]
Event: 7259.825 Thread 0x000001d3bc0ef330 Exception <a 'sun/nio/fs/WindowsException'{0x00000000eab509c0}> (0x00000000eab509c0) 
thrown [s\src\hotspot\share\prims\jni.cpp, line 516]
Event: 7262.257 Thread 0x000001d3bc0ef330 Exception <a 'sun/nio/fs/WindowsException'{0x00000000eac104f8}> (0x00000000eac104f8) 
thrown [s\src\hotspot\share\prims\jni.cpp, line 516]

VM Operations (20 events):
Event: 7259.903 Executing VM operation: ParallelGCFailedAllocation
Event: 7259.911 Executing VM operation: ParallelGCFailedAllocation done
Event: 7259.934 Executing VM operation: ParallelGCFailedAllocation
Event: 7259.949 Executing VM operation: ParallelGCFailedAllocation done
Event: 7260.016 Executing VM operation: ParallelGCFailedAllocation
Event: 7260.023 Executing VM operation: ParallelGCFailedAllocation done
Event: 7260.031 Executing VM operation: ParallelGCFailedAllocation
Event: 7260.037 Executing VM operation: ParallelGCFailedAllocation done
Event: 7261.648 Executing VM operation: ParallelGCFailedAllocation
Event: 7261.656 Executing VM operation: ParallelGCFailedAllocation done
Event: 7261.667 Executing VM operation: ParallelGCFailedAllocation
Event: 7261.718 Executing VM operation: ParallelGCFailedAllocation done
Event: 7261.731 Executing VM operation: ParallelGCFailedAllocation
Event: 7261.762 Executing VM operation: ParallelGCFailedAllocation done
Event: 7261.765 Executing VM operation: ParallelGCFailedAllocation
Event: 7261.771 Executing VM operation: ParallelGCFailedAllocation done
Event: 7261.792 Executing VM operation: ParallelGCFailedAllocation
Event: 7261.797 Executing VM operation: ParallelGCFailedAllocation done
Event: 7262.091 Executing VM operation: ParallelGCFailedAllocation
Event: 7262.099 Executing VM operation: ParallelGCFailedAllocation done

Memory protections (0 events):
No events

Nmethod flushes (20 events):
Event: 1863.980 Thread 0x000001d3b6c64cb0 flushing  nmethod 0x000001d3a7517590
Event: 1863.980 Thread 0x000001d3b6c64cb0 flushing  nmethod 0x000001d3a75e1610
Event: 1863.980 Thread 0x000001d3b6c64cb0 flushing  nmethod 0x000001d3a75e2310
Event: 1863.981 Thread 0x000001d3b6c64cb0 flushing  nmethod 0x000001d3a7606d10
Event: 1863.981 Thread 0x000001d3b6c64cb0 flushing  nmethod 0x000001d3a7641590
Event: 1863.981 Thread 0x000001d3b6c64cb0 flushing  nmethod 0x000001d3a7662290
Event: 1863.983 Thread 0x000001d3b6c64cb0 flushing  nmethod 0x000001d3a7869f90
Event: 1863.983 Thread 0x000001d3b6c64cb0 flushing  nmethod 0x000001d3a78d0890
Event: 1863.984 Thread 0x000001d3b6c64cb0 flushing  nmethod 0x000001d3a7959e10
Event: 1863.984 Thread 0x000001d3b6c64cb0 flushing  nmethod 0x000001d3a7979c90
Event: 1863.984 Thread 0x000001d3b6c64cb0 flushing  nmethod 0x000001d3a799af90
Event: 1863.984 Thread 0x000001d3b6c64cb0 flushing  nmethod 0x000001d3a7a5ea90
Event: 1863.985 Thread 0x000001d3b6c64cb0 flushing  nmethod 0x000001d3a7aae890
Event: 1863.985 Thread 0x000001d3b6c64cb0 flushing  nmethod 0x000001d3a7b4a510
Event: 1863.986 Thread 0x000001d3b6c64cb0 flushing  nmethod 0x000001d3a7bb4c90
Event: 1863.986 Thread 0x000001d3b6c64cb0 flushing  nmethod 0x000001d3a7bba010
Event: 1863.986 Thread 0x000001d3b6c64cb0 flushing  nmethod 0x000001d3a7bd1a90
Event: 1863.986 Thread 0x000001d3b6c64cb0 flushing  nmethod 0x000001d3a7bfc910
Event: 1863.986 Thread 0x000001d3b6c64cb0 flushing  nmethod 0x000001d3a7bff510
Event: 1863.988 Thread 0x000001d3b6c64cb0 flushing  nmethod 0x000001d3a7e12390

Events (20 events):
Event: 7258.501 Thread 0x000001d3c8c64e40 Thread exited: 0x000001d3c8c64e40
Event: 7258.504 Thread 0x000001d3c8c65350 Thread exited: 0x000001d3c8c65350
Event: 7258.522 Thread 0x000001d3c8c66280 Thread exited: 0x000001d3c8c66280
Event: 7258.662 Thread 0x000001d3bc64c290 Thread added: 0x000001d3c8c61180
Event: 7258.796 Thread 0x000001d3c8c60c70 Thread exited: 0x000001d3c8c60c70
Event: 7258.811 Thread 0x000001d3c8c61180 Thread exited: 0x000001d3c8c61180
Event: 7259.363 Thread 0x000001d3bc64c290 Thread added: 0x000001d3c8c62fe0
Event: 7259.411 Thread 0x000001d3c8c62fe0 Thread exited: 0x000001d3c8c62fe0
Event: 7259.416 Thread 0x000001d3bc0ecfc0 Thread added: 0x000001d3c8c66280
Event: 7259.461 Thread 0x000001d3bc64c290 Thread added: 0x000001d3c8c62fe0
Event: 7259.728 Thread 0x000001d3bc64c290 Thread added: 0x000001d3c8c60c70
Event: 7259.730 Thread 0x000001d3c8c62fe0 Thread exited: 0x000001d3c8c62fe0
Event: 7259.742 Thread 0x000001d3bc64c290 Thread added: 0x000001d3c8c64e40
Event: 7259.761 Thread 0x000001d3c8c64e40 Thread exited: 0x000001d3c8c64e40
Event: 7259.892 Thread 0x000001d3c8c60c70 Thread exited: 0x000001d3c8c60c70
Event: 7261.659 Thread 0x000001d3bc0ecfc0 Thread added: 0x000001d3c8c64e40
Event: 7262.071 Thread 0x000001d3bc64c290 Thread added: 0x000001d3c8c60c70
Event: 7262.136 Thread 0x000001d3c8c60c70 Thread exited: 0x000001d3c8c60c70
Event: 7263.769 Thread 0x000001d3bc64c290 Thread added: 0x000001d3c8c61ba0
Event: 7263.787 Thread 0x000001d3c8c61ba0 Thread exited: 0x000001d3c8c61ba0


Dynamic libraries:
0x00007ff652410000 - 0x00007ff65241e000 	c:\Users\Tushar\.vscode\extensions\redhat.java-1.37.0-win32-x64\jre\17.0.13-win32-x86_64\bin\java.exe
0x00007ffb86e50000 - 0x00007ffb87048000 	C:\Windows\SYSTEM32\ntdll.dll
0x00007ffb86a30000 - 0x00007ffb86af2000 	C:\Windows\System32\KERNEL32.DLL
0x00007ffb84910000 - 0x00007ffb84c0e000 	C:\Windows\System32\KERNELBASE.dll
0x00007ffb84d70000 - 0x00007ffb84e70000 	C:\Windows\System32\ucrtbase.dll
0x00007ffb68990000 - 0x00007ffb689a7000 	c:\Users\Tushar\.vscode\extensions\redhat.java-1.37.0-win32-x64\jre\17.0.13-win32-x86_64\bin\jli.dll
0x00007ffb860c0000 - 0x00007ffb8625d000 	C:\Windows\System32\USER32.dll
0x00007ffb846e0000 - 0x00007ffb84702000 	C:\Windows\System32\win32u.dll
0x00007ffb85a70000 - 0x00007ffb85a9b000 	C:\Windows\System32\GDI32.dll
0x00007ffb847f0000 - 0x00007ffb84907000 	C:\Windows\System32\gdi32full.dll
0x00007ffb84c10000 - 0x00007ffb84cad000 	C:\Windows\System32\msvcp_win.dll
0x00007ffb65ef0000 - 0x00007ffb65f0e000 	c:\Users\Tushar\.vscode\extensions\redhat.java-1.37.0-win32-x64\jre\17.0.13-win32-x86_64\bin\VCRUNTIME140.dll
0x00007ffb73630000 - 0x00007ffb738ca000 	C:\Windows\WinSxS\amd64_microsoft.windows.common-controls_6595b64144ccf1df_6.0.19041.4355_none_60b8b9eb71f62e16\COMCTL32.dll
0x00007ffb86b20000 - 0x00007ffb86bbe000 	C:\Windows\System32\msvcrt.dll
0x00007ffb86780000 - 0x00007ffb867af000 	C:\Windows\System32\IMM32.DLL
0x00007ffb7ebb0000 - 0x00007ffb7ebbc000 	c:\Users\Tushar\.vscode\extensions\redhat.java-1.37.0-win32-x64\jre\17.0.13-win32-x86_64\bin\vcruntime140_1.dll
0x00007ffb63130000 - 0x00007ffb631bd000 	c:\Users\Tushar\.vscode\extensions\redhat.java-1.37.0-win32-x64\jre\17.0.13-win32-x86_64\bin\msvcp140.dll
0x00007ffb27850000 - 0x00007ffb284bb000 	c:\Users\Tushar\.vscode\extensions\redhat.java-1.37.0-win32-x64\jre\17.0.13-win32-x86_64\bin\server\jvm.dll
0x00007ffb867b0000 - 0x00007ffb86862000 	C:\Windows\System32\ADVAPI32.dll
0x00007ffb855e0000 - 0x00007ffb85680000 	C:\Windows\System32\sechost.dll
0x00007ffb85690000 - 0x00007ffb857b3000 	C:\Windows\System32\RPCRT4.dll
0x00007ffb84710000 - 0x00007ffb84737000 	C:\Windows\System32\bcrypt.dll
0x00007ffb863b0000 - 0x00007ffb8641b000 	C:\Windows\System32\WS2_32.dll
0x00007ffb84290000 - 0x00007ffb842db000 	C:\Windows\SYSTEM32\POWRPROF.dll
0x00007ffb794d0000 - 0x00007ffb794f7000 	C:\Windows\SYSTEM32\WINMM.dll
0x00007ffb79500000 - 0x00007ffb7950a000 	C:\Windows\SYSTEM32\VERSION.dll
0x00007ffb84210000 - 0x00007ffb84222000 	C:\Windows\SYSTEM32\UMPDC.dll
0x00007ffb81c10000 - 0x00007ffb81c22000 	C:\Windows\SYSTEM32\kernel.appcore.dll
0x00007ffb7cc60000 - 0x00007ffb7cc6a000 	c:\Users\Tushar\.vscode\extensions\redhat.java-1.37.0-win32-x64\jre\17.0.13-win32-x86_64\bin\jimage.dll
0x00007ffb83e50000 - 0x00007ffb84034000 	C:\Windows\SYSTEM32\DBGHELP.DLL
0x00007ffb83c40000 - 0x00007ffb83c74000 	C:\Windows\SYSTEM32\dbgcore.DLL
0x00007ffb844f0000 - 0x00007ffb84572000 	C:\Windows\System32\bcryptPrimitives.dll
0x00007ffb79880000 - 0x00007ffb7988e000 	c:\Users\Tushar\.vscode\extensions\redhat.java-1.37.0-win32-x64\jre\17.0.13-win32-x86_64\bin\instrument.dll
0x00007ffb60be0000 - 0x00007ffb60c05000 	c:\Users\Tushar\.vscode\extensions\redhat.java-1.37.0-win32-x64\jre\17.0.13-win32-x86_64\bin\java.dll
0x00007ffb64d90000 - 0x00007ffb64da8000 	c:\Users\Tushar\.vscode\extensions\redhat.java-1.37.0-win32-x64\jre\17.0.13-win32-x86_64\bin\zip.dll
0x00007ffb84e70000 - 0x00007ffb855df000 	C:\Windows\System32\SHELL32.dll
0x00007ffb81ef0000 - 0x00007ffb82694000 	C:\Windows\SYSTEM32\windows.storage.dll
0x00007ffb86420000 - 0x00007ffb86773000 	C:\Windows\System32\combase.dll
0x00007ffb83ab0000 - 0x00007ffb83ade000 	C:\Windows\SYSTEM32\Wldp.dll
0x00007ffb86260000 - 0x00007ffb8632d000 	C:\Windows\System32\OLEAUT32.dll
0x00007ffb86900000 - 0x00007ffb869ad000 	C:\Windows\System32\SHCORE.dll
0x00007ffb858f0000 - 0x00007ffb85945000 	C:\Windows\System32\shlwapi.dll
0x00007ffb84420000 - 0x00007ffb84444000 	C:\Windows\SYSTEM32\profapi.dll
0x00007ffb63110000 - 0x00007ffb63129000 	C:\Users\Tushar\.vscode\extensions\redhat.java-1.37.0-win32-x64\jre\17.0.13-win32-x86_64\bin\net.dll
0x00007ffb7a430000 - 0x00007ffb7a53d000 	C:\Windows\SYSTEM32\WINHTTP.dll
0x00007ffb833f0000 - 0x00007ffb8345a000 	C:\Windows\system32\mswsock.dll
0x00007ffb61d60000 - 0x00007ffb61d76000 	C:\Users\Tushar\.vscode\extensions\redhat.java-1.37.0-win32-x64\jre\17.0.13-win32-x86_64\bin\nio.dll
0x00007ffb78f30000 - 0x00007ffb78f40000 	c:\Users\Tushar\.vscode\extensions\redhat.java-1.37.0-win32-x64\jre\17.0.13-win32-x86_64\bin\verify.dll
0x00007ffb60b90000 - 0x00007ffb60bd5000 	C:\Users\Tushar\AppData\Roaming\Code\User\globalStorage\redhat.java\1.37.0\config_win\org.eclipse.equinox.launcher\org.eclipse.equinox.launcher.win32.win32.x86_64_1.2.1100.v20240722-2106\eclipse_11904.dll
0x00007ffb857c0000 - 0x00007ffb858eb000 	C:\Windows\System32\ole32.dll
0x00007ffb841f0000 - 0x00007ffb84208000 	C:\Windows\SYSTEM32\CRYPTSP.dll
0x00007ffb82e50000 - 0x00007ffb82e84000 	C:\Windows\system32\rsaenh.dll
0x00007ffb843a0000 - 0x00007ffb843ce000 	C:\Windows\SYSTEM32\USERENV.dll
0x00007ffb83720000 - 0x00007ffb8372c000 	C:\Windows\SYSTEM32\CRYPTBASE.dll
0x00007ffb834b0000 - 0x00007ffb834eb000 	C:\Windows\SYSTEM32\IPHLPAPI.DLL
0x00007ffb85680000 - 0x00007ffb85688000 	C:\Windows\System32\NSI.dll
0x00007ffb7a3f0000 - 0x00007ffb7a407000 	C:\Windows\SYSTEM32\dhcpcsvc6.DLL
0x00007ffb7a650000 - 0x00007ffb7a66d000 	C:\Windows\SYSTEM32\dhcpcsvc.DLL
0x00007ffb830d0000 - 0x00007ffb8319a000 	C:\Windows\SYSTEM32\DNSAPI.dll
0x00007ffb7c7b0000 - 0x00007ffb7c7f9000 	C:\Users\Tushar\AppData\Local\Temp\jna--1778537625\jna10106481096650123979.dll
0x00007ffb86a20000 - 0x00007ffb86a28000 	C:\Windows\System32\PSAPI.DLL
0x00007ffb83920000 - 0x00007ffb8392e000 	C:\Users\Tushar\.vscode\extensions\redhat.java-1.37.0-win32-x64\jre\17.0.13-win32-x86_64\bin\sunmscapi.dll
0x00007ffb84580000 - 0x00007ffb846dc000 	C:\Windows\System32\CRYPT32.dll
0x00007ffb83b20000 - 0x00007ffb83b47000 	C:\Windows\SYSTEM32\ncrypt.dll
0x00007ffb83ae0000 - 0x00007ffb83b1b000 	C:\Windows\SYSTEM32\NTASN1.dll
0x00007ffb7cb90000 - 0x00007ffb7cb9a000 	C:\Windows\System32\rasadhlp.dll
0x00007ffb72f30000 - 0x00007ffb72fb0000 	C:\Windows\System32\fwpuclnt.dll
0x00007ffb83910000 - 0x00007ffb83919000 	C:\Users\Tushar\.vscode\extensions\redhat.java-1.37.0-win32-x64\jre\17.0.13-win32-x86_64\bin\extnet.dll

dbghelp: loaded successfully - version: 4.0.5 - missing functions: none
symbol engine: initialized successfully - sym options: 0x614 - pdb path: .;c:\Users\Tushar\.vscode\extensions\redhat.java-1.37.0-win32-x64\jre\17.0.13-win32-x86_64\bin;C:\Windows\SYSTEM32;C:\Windows\WinSxS\amd64_microsoft.windows.common-controls_6595b64144ccf1df_6.0.19041.4355_none_60b8b9eb71f62e16;c:\Users\Tushar\.vscode\extensions\redhat.java-1.37.0-win32-x64\jre\17.0.13-win32-x86_64\bin\server;C:\Users\Tushar\AppData\Roaming\Code\User\globalStorage\redhat.java\1.37.0\config_win\org.eclipse.equinox.launcher\org.eclipse.equinox.launcher.win32.win32.x86_64_1.2.1100.v20240722-2106;C:\Users\Tushar\AppData\Local\Temp\jna--1778537625

VM Arguments:
jvm_args: --add-modules=ALL-SYSTEM --add-opens=java.base/java.util=ALL-UNNAMED --add-opens=java.base/java.lang=ALL-UNNAMED --add-opens=java.base/sun.nio.fs=ALL-UNNAMED -Declipse.application=org.eclipse.jdt.ls.core.id1 -Dosgi.bundles.defaultStartLevel=4 -Declipse.product=org.eclipse.jdt.ls.core.product -Djava.import.generatesMetadataFilesAtProjectRoot=false -DDetectVMInstallationsJob.disabled=true -Dfile.encoding=utf8 -XX:+UseParallelGC -XX:GCTimeRatio=4 -XX:AdaptiveSizePolicyWeight=90 -Dsun.zip.disableMemoryMapping=true -Xmx1G -Xms100m -Xlog:disable -javaagent:c:\Users\Tushar\.vscode\extensions\redhat.java-1.37.0-win32-x64\lombok\lombok-1.18.34.jar -XX:+HeapDumpOnOutOfMemoryError -XX:HeapDumpPath=c:\Users\Tushar\AppData\Roaming\Code\User\workspaceStorage\4bb341241cca981019bb59491a7f8ddc\redhat.java -Daether.dependencyCollector.impl=bf 
java_command: c:\Users\Tushar\.vscode\extensions\redhat.java-1.37.0-win32-x64\server\plugins\org.eclipse.equinox.launcher_1.6.900.v20240613-2009.jar -configuration c:\Users\Tushar\AppData\Roaming\Code\User\globalStorage\redhat.java\1.37.0\config_win -data c:\Users\Tushar\AppData\Roaming\Code\User\workspaceStorage\4bb341241cca981019bb59491a7f8ddc\redhat.java\jdt_ws --pipe=\\.\pipe\lsp-3c9addd3b5dd6723646b6350246df668-sock
java_class_path (initial): c:\Users\Tushar\.vscode\extensions\redhat.java-1.37.0-win32-x64\server\plugins\org.eclipse.equinox.launcher_1.6.900.v20240613-2009.jar
Launcher Type: SUN_STANDARD

[Global flags]
    uintx AdaptiveSizePolicyWeight                 = 90                                        {product} {command line}
     intx CICompilerCount                          = 2                                         {product} {ergonomic}
    uintx GCTimeRatio                              = 4                                         {product} {command line}
     bool HeapDumpOnOutOfMemoryError               = true                                   {manageable} {command line}
    ccstr HeapDumpPath                             = c:\Users\Tushar\AppData\Roaming\Code\User\workspaceStorage\4bb341241cca981019bb59491a7f8ddc\redhat.java         {manageable} {command line}
   size_t InitialHeapSize                          = 104857600                                 {product} {command line}
   size_t MaxHeapSize                              = 1073741824                                {product} {command line}
   size_t MaxNewSize                               = 357564416                                 {product} {ergonomic}
   size_t MinHeapDeltaBytes                        = 524288                                    {product} {ergonomic}
   size_t MinHeapSize                              = 104857600                                 {product} {command line}
   size_t NewSize                                  = 34603008                                  {product} {ergonomic}
    uintx NonNMethodCodeHeapSize                   = 5826188                                {pd product} {ergonomic}
    uintx NonProfiledCodeHeapSize                  = 122916026                              {pd product} {ergonomic}
   size_t OldSize                                  = 70254592                                  {product} {ergonomic}
    uintx ProfiledCodeHeapSize                     = 122916026                              {pd product} {ergonomic}
    uintx ReservedCodeCacheSize                    = 251658240                              {pd product} {ergonomic}
     bool SegmentedCodeCache                       = true                                      {product} {ergonomic}
   size_t SoftMaxHeapSize                          = 1073741824                             {manageable} {ergonomic}
     bool UseCompressedClassPointers               = true                           {product lp64_product} {ergonomic}
     bool UseCompressedOops                        = true                           {product lp64_product} {ergonomic}
     bool UseLargePagesIndividualAllocation        = false                                  {pd product} {ergonomic}
     bool UseParallelGC                            = true                                      {product} {command line}

Logging:
Log output configuration:
 #0: stdout all=off uptime,level,tags
 #1: stderr all=off uptime,level,tags

Environment Variables:
PATH=C:\Program Files\Common Files\Oracle\Java\javapath;C:\Windows\system32;C:\Windows;C:\Windows\System32\Wbem;C:\Windows\System32\WindowsPowerShell\v1.0\;C:\Windows\System32\OpenSSH\;C:\Program Files\Git\cmd;C:\Program Files\nodejs\;C:\Users\Tushar\AppData\Local\Programs\Python\Python312\Scripts\;C:\Users\Tushar\AppData\Local\Programs\Python\Python312\Scripts;C:\Program Files\MongoDB\Server\8.0\bin;C:\Program Files\apache-tomcat-9.0.88-src\bin;C:\Program Files\apache-tomcat-9.0.88\bin;C:\Users\Tushar\AppData\Local\Programs\Python\Python312\Scripts\;C:\Users\Tushar\AppData\Local\Programs\Python\Python312\;C:\Users\Tushar\AppData\Local\Programs\Python\Launcher\;C:\Users\Tushar\AppData\Local\Microsoft\WindowsApps;C:\Users\Tushar\AppData\Local\Programs\Microsoft VS Code\bin;C:\Users\Tushar\AppData\Roaming\npm
USERNAME=Tushar
OS=Windows_NT
PROCESSOR_IDENTIFIER=AMD64 Family 21 Model 112 Stepping 0, AuthenticAMD
TMP=C:\Users\Tushar\AppData\Local\Temp
TEMP=C:\Users\Tushar\AppData\Local\Temp



Periodic native trim disabled


---------------  S Y S T E M  ---------------

OS:
 Windows 10 , 64 bit Build 19041 (10.0.19041.4957)
OS uptime: 1 days 4:59 hours

CPU: total 2 (initial active 2) (2 cores per cpu, 1 threads per core) family 21 model 112 stepping 0 microcode 0x0, cx8, cmov, fxsr, mmx, 3dnowpref, sse, sse2, sse3, ssse3, sse4a, sse4.1, sse4.2, popcnt, lzcnt, tsc, tscinvbit, avx, avx2, aes, clmul, bmi1, bmi2, fma, vzeroupper, clflush
Processor Information for all 2 processors :
  Max Mhz: 2600, Current Mhz: 2600, Mhz Limit: 2600

Memory: 4k page, system-wide physical 7638M (2829M free)
TotalPageFile size 8854M (AvailPageFile size 2834M)
current process WorkingSet (physical memory assigned to process): 420M, peak: 430M
current process commit charge ("private bytes"): 421M, peak: 429M

vm_info: OpenJDK 64-Bit Server VM (17.0.13+11) for windows-amd64 JRE (17.0.13+11), built on Oct 16 2024 00:10:08 by "admin" with MS VC++ 17.7 (VS2022)

END.
